mode: atomic
backend-grpc-server/internal/models/norification.go:65.53,68.2 2 0
backend-grpc-server/internal/models/user.go:40.45,43.2 2 5
backend-grpc-server/internal/models/user.go:45.45,48.2 2 2
backend-grpc-server/internal/storage/notification_store.go:16.70,20.2 1 7
backend-grpc-server/internal/storage/notification_store.go:24.92,43.16 4 3
backend-grpc-server/internal/storage/notification_store.go:43.16,44.27 1 1
backend-grpc-server/internal/storage/notification_store.go:44.27,46.4 1 1
backend-grpc-server/internal/storage/notification_store.go:47.3,48.20 2 0
backend-grpc-server/internal/storage/notification_store.go:51.2,51.27 1 2
backend-grpc-server/internal/storage/notification_store.go:54.127,56.24 1 11
backend-grpc-server/internal/storage/notification_store.go:56.24,58.3 1 0
backend-grpc-server/internal/storage/notification_store.go:60.2,78.16 4 11
backend-grpc-server/internal/storage/notification_store.go:78.16,80.3 1 0
backend-grpc-server/internal/storage/notification_store.go:82.2,82.26 1 11
backend-grpc-server/internal/storage/notification_store.go:85.127,105.16 4 0
backend-grpc-server/internal/storage/notification_store.go:105.16,106.27 1 0
backend-grpc-server/internal/storage/notification_store.go:106.27,108.4 1 0
backend-grpc-server/internal/storage/notification_store.go:109.3,109.67 1 0
backend-grpc-server/internal/storage/notification_store.go:112.2,112.26 1 0
backend-grpc-server/internal/storage/notification_store.go:115.72,119.16 3 0
backend-grpc-server/internal/storage/notification_store.go:119.16,121.3 1 0
backend-grpc-server/internal/storage/notification_store.go:123.2,124.16 2 0
backend-grpc-server/internal/storage/notification_store.go:124.16,126.3 1 0
backend-grpc-server/internal/storage/notification_store.go:128.2,128.23 1 0
backend-grpc-server/internal/storage/notification_store.go:128.23,130.3 1 0
backend-grpc-server/internal/storage/notification_store.go:132.2,132.12 1 0
backend-grpc-server/internal/storage/notification_store.go:137.134,143.26 4 1
backend-grpc-server/internal/storage/notification_store.go:143.26,147.3 3 0
backend-grpc-server/internal/storage/notification_store.go:149.2,149.24 1 1
backend-grpc-server/internal/storage/notification_store.go:149.24,153.3 3 0
backend-grpc-server/internal/storage/notification_store.go:155.2,156.25 2 1
backend-grpc-server/internal/storage/notification_store.go:156.25,158.3 1 0
backend-grpc-server/internal/storage/notification_store.go:161.2,164.16 4 1
backend-grpc-server/internal/storage/notification_store.go:164.16,166.3 1 0
backend-grpc-server/internal/storage/notification_store.go:169.2,170.16 2 1
backend-grpc-server/internal/storage/notification_store.go:170.16,172.3 1 0
backend-grpc-server/internal/storage/notification_store.go:173.2,174.16 2 1
backend-grpc-server/internal/storage/notification_store.go:174.16,176.3 1 0
backend-grpc-server/internal/storage/notification_store.go:179.2,195.16 8 1
backend-grpc-server/internal/storage/notification_store.go:195.16,197.3 1 0
backend-grpc-server/internal/storage/notification_store.go:198.2,201.18 3 1
backend-grpc-server/internal/storage/notification_store.go:201.18,213.17 3 2
backend-grpc-server/internal/storage/notification_store.go:213.17,215.4 1 0
backend-grpc-server/internal/storage/notification_store.go:216.3,216.54 1 2
backend-grpc-server/internal/storage/notification_store.go:219.2,219.34 1 1
backend-grpc-server/internal/storage/notification_store.go:219.34,221.3 1 0
backend-grpc-server/internal/storage/notification_store.go:223.2,223.34 1 1
backend-grpc-server/internal/storage/notification_store.go:226.154,230.2 2 0
backend-grpc-server/internal/storage/notification_store.go:234.78,242.16 3 2
backend-grpc-server/internal/storage/notification_store.go:242.16,244.3 1 0
backend-grpc-server/internal/storage/notification_store.go:246.2,247.16 2 2
backend-grpc-server/internal/storage/notification_store.go:247.16,249.3 1 0
backend-grpc-server/internal/storage/notification_store.go:251.2,251.23 1 2
backend-grpc-server/internal/storage/notification_store.go:251.23,253.3 1 0
backend-grpc-server/internal/storage/notification_store.go:255.2,255.12 1 2
backend-grpc-server/internal/storage/notification_store.go:258.80,266.16 3 0
backend-grpc-server/internal/storage/notification_store.go:266.16,268.3 1 0
backend-grpc-server/internal/storage/notification_store.go:270.2,271.16 2 0
backend-grpc-server/internal/storage/notification_store.go:271.16,273.3 1 0
backend-grpc-server/internal/storage/notification_store.go:275.2,275.23 1 0
backend-grpc-server/internal/storage/notification_store.go:275.23,277.3 1 0
backend-grpc-server/internal/storage/notification_store.go:279.2,279.12 1 0
backend-grpc-server/internal/storage/notification_store.go:282.71,290.16 3 0
backend-grpc-server/internal/storage/notification_store.go:290.16,292.3 1 0
backend-grpc-server/internal/storage/notification_store.go:294.2,294.12 1 0
backend-grpc-server/internal/storage/notification_store.go:299.81,303.16 3 0
backend-grpc-server/internal/storage/notification_store.go:303.16,305.3 1 0
backend-grpc-server/internal/storage/notification_store.go:307.2,307.12 1 0
backend-grpc-server/internal/storage/notification_store.go:310.85,317.16 3 0
backend-grpc-server/internal/storage/notification_store.go:317.16,319.3 1 0
backend-grpc-server/internal/storage/notification_store.go:321.2,321.12 1 0
backend-grpc-server/internal/storage/notification_store.go:326.81,331.16 4 0
backend-grpc-server/internal/storage/notification_store.go:331.16,333.3 1 0
backend-grpc-server/internal/storage/notification_store.go:335.2,335.19 1 0
backend-grpc-server/internal/storage/notification_store.go:338.100,349.16 6 1
backend-grpc-server/internal/storage/notification_store.go:349.16,351.3 1 0
backend-grpc-server/internal/storage/notification_store.go:353.2,354.16 2 1
backend-grpc-server/internal/storage/notification_store.go:354.16,356.3 1 0
backend-grpc-server/internal/storage/notification_store.go:358.2,359.16 2 1
backend-grpc-server/internal/storage/notification_store.go:359.16,361.3 1 0
backend-grpc-server/internal/storage/notification_store.go:364.2,372.16 3 1
backend-grpc-server/internal/storage/notification_store.go:372.16,374.3 1 0
backend-grpc-server/internal/storage/notification_store.go:375.2,377.18 2 1
backend-grpc-server/internal/storage/notification_store.go:377.18,381.17 4 3
backend-grpc-server/internal/storage/notification_store.go:381.17,383.4 1 0
backend-grpc-server/internal/storage/notification_store.go:384.3,384.41 1 3
backend-grpc-server/internal/storage/notification_store.go:387.2,387.19 1 1
backend-grpc-server/internal/storage/user_store.go:15.54,19.2 1 9
backend-grpc-server/internal/storage/user_store.go:21.68,39.16 4 3
backend-grpc-server/internal/storage/user_store.go:39.16,40.27 1 2
backend-grpc-server/internal/storage/user_store.go:40.27,42.4 1 2
backend-grpc-server/internal/storage/user_store.go:43.3,44.20 2 0
backend-grpc-server/internal/storage/user_store.go:47.2,47.19 1 1
backend-grpc-server/internal/storage/user_store.go:50.95,68.16 4 10
backend-grpc-server/internal/storage/user_store.go:68.16,70.3 1 0
backend-grpc-server/internal/storage/user_store.go:72.2,72.18 1 10
backend-grpc-server/internal/storage/user_store.go:75.95,94.16 4 1
backend-grpc-server/internal/storage/user_store.go:94.16,95.27 1 0
backend-grpc-server/internal/storage/user_store.go:95.27,97.4 1 0
backend-grpc-server/internal/storage/user_store.go:98.3,98.59 1 0
backend-grpc-server/internal/storage/user_store.go:101.2,101.18 1 1
backend-grpc-server/internal/storage/user_store.go:104.56,108.16 3 1
backend-grpc-server/internal/storage/user_store.go:108.16,110.3 1 0
backend-grpc-server/internal/storage/user_store.go:112.2,113.16 2 1
backend-grpc-server/internal/storage/user_store.go:113.16,115.3 1 0
backend-grpc-server/internal/storage/user_store.go:117.2,117.23 1 1
backend-grpc-server/internal/storage/user_store.go:117.23,119.3 1 0
backend-grpc-server/internal/storage/user_store.go:121.2,121.12 1 1
backend-grpc-server/internal/storage/user_store.go:124.102,127.16 2 1
backend-grpc-server/internal/storage/user_store.go:127.16,129.3 1 0
backend-grpc-server/internal/storage/user_store.go:130.2,131.16 2 1
backend-grpc-server/internal/storage/user_store.go:131.16,133.3 1 0
backend-grpc-server/internal/storage/user_store.go:136.2,139.16 4 1
backend-grpc-server/internal/storage/user_store.go:139.16,141.3 1 0
backend-grpc-server/internal/storage/user_store.go:144.2,152.16 3 1
backend-grpc-server/internal/storage/user_store.go:152.16,154.3 1 0
backend-grpc-server/internal/storage/user_store.go:155.2,158.18 3 1
backend-grpc-server/internal/storage/user_store.go:158.18,169.17 3 2
backend-grpc-server/internal/storage/user_store.go:169.17,171.4 1 0
backend-grpc-server/internal/storage/user_store.go:172.3,172.30 1 2
backend-grpc-server/internal/storage/user_store.go:175.2,175.34 1 1
backend-grpc-server/internal/storage/user_store.go:175.34,177.3 1 0
backend-grpc-server/internal/storage/user_store.go:179.2,179.26 1 1
backend-grpc-server/internal/validation/validator.go:11.13,16.2 2 1
backend-grpc-server/internal/validation/validator.go:19.42,21.16 2 7
backend-grpc-server/internal/validation/validator.go:21.16,23.3 1 6
backend-grpc-server/internal/validation/validator.go:24.2,24.12 1 1
backend-grpc-server/internal/validation/validator.go:28.53,31.45 2 9
backend-grpc-server/internal/validation/validator.go:31.45,33.3 1 3
backend-grpc-server/internal/validation/validator.go:34.2,34.32 1 6
backend-grpc-server/internal/validation/validator.go:34.32,36.49 1 58
backend-grpc-server/internal/validation/validator.go:36.49,38.4 1 3
backend-grpc-server/internal/validation/validator.go:40.2,40.13 1 3
backend-grpc-server/internal/validation/validator.go:44.45,47.55 2 6
backend-grpc-server/internal/validation/validator.go:47.55,48.20 1 6
backend-grpc-server/internal/validation/validator.go:49.19,50.71 1 2
backend-grpc-server/internal/validation/validator.go:51.16,52.81 1 1
backend-grpc-server/internal/validation/validator.go:53.14,54.103 1 1
backend-grpc-server/internal/validation/validator.go:55.14,56.102 1 1
backend-grpc-server/internal/validation/validator.go:57.16,58.91 1 1
backend-grpc-server/internal/validation/validator.go:59.11,60.70 1 0
backend-grpc-server/internal/validation/validator.go:64.2,64.72 1 6
