mode: atomic
backend-grpc-server/internal/handlers/notification_handler.go:24.113,34.2 3 6
backend-grpc-server/internal/handlers/notification_handler.go:37.53,39.94 1 6
backend-grpc-server/internal/handlers/notification_handler.go:39.94,41.3 1 0
backend-grpc-server/internal/handlers/notification_handler.go:44.2,44.87 1 6
backend-grpc-server/internal/handlers/notification_handler.go:44.87,46.3 1 0
backend-grpc-server/internal/handlers/notification_handler.go:49.2,49.94 1 6
backend-grpc-server/internal/handlers/notification_handler.go:49.94,51.3 1 0
backend-grpc-server/internal/handlers/notification_handler.go:56.101,58.9 2 0
backend-grpc-server/internal/handlers/notification_handler.go:58.9,63.3 2 0
backend-grpc-server/internal/handlers/notification_handler.go:65.2,76.58 5 0
backend-grpc-server/internal/handlers/notification_handler.go:76.58,81.3 2 0
backend-grpc-server/internal/handlers/notification_handler.go:84.2,85.16 2 0
backend-grpc-server/internal/handlers/notification_handler.go:85.16,90.3 2 0
backend-grpc-server/internal/handlers/notification_handler.go:93.2,95.4 1 0
backend-grpc-server/internal/handlers/notification_handler.go:98.93,100.9 2 0
backend-grpc-server/internal/handlers/notification_handler.go:100.9,105.3 2 0
backend-grpc-server/internal/handlers/notification_handler.go:107.2,108.32 2 0
backend-grpc-server/internal/handlers/notification_handler.go:108.32,113.3 2 0
backend-grpc-server/internal/handlers/notification_handler.go:115.2,116.26 2 0
backend-grpc-server/internal/handlers/notification_handler.go:116.26,118.3 1 0
backend-grpc-server/internal/handlers/notification_handler.go:120.2,121.16 2 0
backend-grpc-server/internal/handlers/notification_handler.go:121.16,126.3 2 0
backend-grpc-server/internal/handlers/notification_handler.go:129.2,132.4 1 0
backend-grpc-server/internal/handlers/notification_handler.go:135.101,137.9 2 0
backend-grpc-server/internal/handlers/notification_handler.go:137.9,142.3 2 0
backend-grpc-server/internal/handlers/notification_handler.go:144.2,145.32 2 0
backend-grpc-server/internal/handlers/notification_handler.go:145.32,150.3 2 0
backend-grpc-server/internal/handlers/notification_handler.go:152.2,153.16 2 0
backend-grpc-server/internal/handlers/notification_handler.go:153.16,158.3 2 0
backend-grpc-server/internal/handlers/notification_handler.go:161.2,163.4 1 0
backend-grpc-server/internal/handlers/notification_handler.go:176.9,185.58 2 7
backend-grpc-server/internal/handlers/notification_handler.go:185.58,187.3 1 2
backend-grpc-server/internal/handlers/notification_handler.go:190.2,200.16 2 5
backend-grpc-server/internal/handlers/notification_handler.go:200.16,202.17 2 4
backend-grpc-server/internal/handlers/notification_handler.go:202.17,204.4 1 0
backend-grpc-server/internal/handlers/notification_handler.go:207.3,208.80 2 4
backend-grpc-server/internal/handlers/notification_handler.go:212.2,212.20 1 5
backend-grpc-server/internal/handlers/notification_handler.go:213.13,214.62 1 3
backend-grpc-server/internal/handlers/notification_handler.go:215.14,216.22 1 1
backend-grpc-server/internal/handlers/notification_handler.go:216.22,218.4 1 1
backend-grpc-server/internal/handlers/notification_handler.go:219.10,220.59 1 1
backend-grpc-server/internal/handlers/notification_handler.go:223.2,223.12 1 4
backend-grpc-server/internal/handlers/notification_handler.go:228.98,230.2 1 0
backend-grpc-server/internal/handlers/notification_handler.go:232.113,234.2 1 0
backend-grpc-server/internal/handlers/notification_handler.go:236.150,238.2 1 0
backend-grpc-server/internal/handlers/notification_handler.go:242.146,251.58 2 5
backend-grpc-server/internal/handlers/notification_handler.go:251.58,253.3 1 3
backend-grpc-server/internal/handlers/notification_handler.go:255.2,256.16 2 2
backend-grpc-server/internal/handlers/notification_handler.go:256.16,258.3 1 0
backend-grpc-server/internal/handlers/notification_handler.go:261.2,263.21 3 2
backend-grpc-server/internal/handlers/notification_handler.go:263.21,266.3 2 0
backend-grpc-server/internal/handlers/notification_handler.go:268.2,272.8 2 2
backend-grpc-server/internal/handlers/notification_handler.go:276.137,277.17 1 2
backend-grpc-server/internal/handlers/notification_handler.go:277.17,279.3 1 1
backend-grpc-server/internal/handlers/notification_handler.go:281.2,282.13 2 1
backend-grpc-server/internal/handlers/notification_handler.go:282.13,284.3 1 0
backend-grpc-server/internal/handlers/notification_handler.go:286.2,288.8 1 1
backend-grpc-server/internal/handlers/notification_handler.go:292.143,294.19 1 3
backend-grpc-server/internal/handlers/notification_handler.go:294.19,296.3 1 1
backend-grpc-server/internal/handlers/notification_handler.go:297.2,297.20 1 2
backend-grpc-server/internal/handlers/notification_handler.go:297.20,299.3 1 1
backend-grpc-server/internal/handlers/notification_handler.go:300.2,300.22 1 1
backend-grpc-server/internal/handlers/notification_handler.go:300.22,302.3 1 1
backend-grpc-server/internal/handlers/notification_handler.go:304.2,312.16 3 0
backend-grpc-server/internal/handlers/notification_handler.go:312.16,314.3 1 0
backend-grpc-server/internal/handlers/notification_handler.go:316.2,317.45 2 0
backend-grpc-server/internal/handlers/notification_handler.go:317.45,319.3 1 0
backend-grpc-server/internal/handlers/notification_handler.go:321.2,324.8 1 0
backend-grpc-server/internal/handlers/notification_handler.go:328.158,329.17 1 0
backend-grpc-server/internal/handlers/notification_handler.go:329.17,334.3 1 0
backend-grpc-server/internal/handlers/notification_handler.go:336.2,336.21 1 0
backend-grpc-server/internal/handlers/notification_handler.go:336.21,341.3 1 0
backend-grpc-server/internal/handlers/notification_handler.go:343.2,344.16 2 0
backend-grpc-server/internal/handlers/notification_handler.go:344.16,349.3 1 0
backend-grpc-server/internal/handlers/notification_handler.go:352.2,360.8 2 0
backend-grpc-server/internal/handlers/notification_handler.go:364.164,365.17 1 0
backend-grpc-server/internal/handlers/notification_handler.go:365.17,370.3 1 0
backend-grpc-server/internal/handlers/notification_handler.go:372.2,372.21 1 0
backend-grpc-server/internal/handlers/notification_handler.go:372.21,377.3 1 0
backend-grpc-server/internal/handlers/notification_handler.go:379.2,380.16 2 0
backend-grpc-server/internal/handlers/notification_handler.go:380.16,385.3 1 0
backend-grpc-server/internal/handlers/notification_handler.go:388.2,396.8 2 0
backend-grpc-server/internal/handlers/notification_handler.go:400.170,401.21 1 0
backend-grpc-server/internal/handlers/notification_handler.go:401.21,406.3 1 0
backend-grpc-server/internal/handlers/notification_handler.go:408.2,409.16 2 0
backend-grpc-server/internal/handlers/notification_handler.go:409.16,414.3 1 0
backend-grpc-server/internal/handlers/notification_handler.go:417.2,424.8 2 0
backend-grpc-server/internal/handlers/notification_handler.go:428.146,429.17 1 0
backend-grpc-server/internal/handlers/notification_handler.go:429.17,431.3 1 0
backend-grpc-server/internal/handlers/notification_handler.go:433.2,441.23 2 0
backend-grpc-server/internal/handlers/notification_handler.go:441.23,446.63 2 0
backend-grpc-server/internal/handlers/notification_handler.go:446.63,448.4 1 0
backend-grpc-server/internal/handlers/notification_handler.go:451.2,452.16 2 0
backend-grpc-server/internal/handlers/notification_handler.go:452.16,454.3 1 0
backend-grpc-server/internal/handlers/notification_handler.go:457.2,466.8 2 0
backend-grpc-server/internal/handlers/notification_handler.go:470.146,471.17 1 0
backend-grpc-server/internal/handlers/notification_handler.go:471.17,476.3 1 0
backend-grpc-server/internal/handlers/notification_handler.go:478.2,479.16 2 0
backend-grpc-server/internal/handlers/notification_handler.go:479.16,484.3 1 0
backend-grpc-server/internal/handlers/notification_handler.go:487.2,494.8 2 0
backend-grpc-server/internal/handlers/notification_handler.go:498.161,499.21 1 0
backend-grpc-server/internal/handlers/notification_handler.go:499.21,504.3 1 0
backend-grpc-server/internal/handlers/notification_handler.go:506.2,507.16 2 0
backend-grpc-server/internal/handlers/notification_handler.go:507.16,512.3 1 0
backend-grpc-server/internal/handlers/notification_handler.go:515.2,522.8 2 0
backend-grpc-server/internal/handlers/notification_handler.go:526.152,527.21 1 0
backend-grpc-server/internal/handlers/notification_handler.go:527.21,529.3 1 0
backend-grpc-server/internal/handlers/notification_handler.go:531.2,532.16 2 0
backend-grpc-server/internal/handlers/notification_handler.go:532.16,534.3 1 0
backend-grpc-server/internal/handlers/notification_handler.go:536.2,541.8 1 0
backend-grpc-server/internal/handlers/notification_handler.go:545.164,554.58 2 0
backend-grpc-server/internal/handlers/notification_handler.go:554.58,559.3 1 0
backend-grpc-server/internal/handlers/notification_handler.go:562.2,563.29 2 0
backend-grpc-server/internal/handlers/notification_handler.go:563.29,565.3 1 0
backend-grpc-server/internal/handlers/notification_handler.go:568.2,570.21 3 0
backend-grpc-server/internal/handlers/notification_handler.go:570.21,573.3 2 0
backend-grpc-server/internal/handlers/notification_handler.go:575.2,576.16 2 0
backend-grpc-server/internal/handlers/notification_handler.go:576.16,581.3 1 0
backend-grpc-server/internal/handlers/notification_handler.go:583.2,586.8 1 0
backend-grpc-server/internal/handlers/notification_handler.go:590.110,592.32 2 3
backend-grpc-server/internal/handlers/notification_handler.go:592.32,594.3 1 0
backend-grpc-server/internal/handlers/notification_handler.go:596.2,605.3 1 3
backend-grpc-server/internal/handlers/notification_handler.go:608.46,609.14 1 5
backend-grpc-server/internal/handlers/notification_handler.go:609.14,611.3 1 5
backend-grpc-server/internal/handlers/notification_handler.go:612.2,612.13 1 0
backend-grpc-server/internal/handlers/notification_handler.go:615.59,616.16 1 0
backend-grpc-server/internal/handlers/notification_handler.go:616.16,618.3 1 0
backend-grpc-server/internal/handlers/notification_handler.go:619.2,619.13 1 0
backend-grpc-server/internal/handlers/user_handler.go:23.89,28.2 1 3
backend-grpc-server/internal/handlers/user_handler.go:31.105,32.17 1 2
backend-grpc-server/internal/handlers/user_handler.go:32.17,34.3 1 0
backend-grpc-server/internal/handlers/user_handler.go:36.2,37.13 2 2
backend-grpc-server/internal/handlers/user_handler.go:37.13,39.3 1 1
backend-grpc-server/internal/handlers/user_handler.go:41.2,43.8 1 1
backend-grpc-server/internal/handlers/user_handler.go:47.114,56.58 2 2
backend-grpc-server/internal/handlers/user_handler.go:56.58,58.3 1 0
backend-grpc-server/internal/handlers/user_handler.go:60.2,61.16 2 2
backend-grpc-server/internal/handlers/user_handler.go:61.16,63.3 1 0
backend-grpc-server/internal/handlers/user_handler.go:66.2,90.8 3 2
backend-grpc-server/internal/handlers/user_handler.go:94.114,104.58 2 0
backend-grpc-server/internal/handlers/user_handler.go:104.58,106.3 1 0
backend-grpc-server/internal/handlers/user_handler.go:108.2,109.16 2 0
backend-grpc-server/internal/handlers/user_handler.go:109.16,111.3 1 0
backend-grpc-server/internal/handlers/user_handler.go:114.2,137.8 3 0
backend-grpc-server/internal/handlers/user_handler.go:141.114,142.17 1 0
backend-grpc-server/internal/handlers/user_handler.go:142.17,147.3 1 0
backend-grpc-server/internal/handlers/user_handler.go:150.2,152.12 3 0
backend-grpc-server/internal/handlers/user_handler.go:152.12,154.3 1 0
backend-grpc-server/internal/handlers/user_handler.go:156.2,157.16 2 0
backend-grpc-server/internal/handlers/user_handler.go:157.16,162.3 1 0
backend-grpc-server/internal/handlers/user_handler.go:165.2,171.20 2 0
backend-grpc-server/internal/handlers/user_handler.go:171.20,184.3 1 0
backend-grpc-server/internal/handlers/user_handler.go:186.2,189.8 1 0
backend-grpc-server/internal/handlers/user_handler.go:193.111,200.22 2 0
backend-grpc-server/internal/handlers/user_handler.go:200.22,202.3 1 0
backend-grpc-server/internal/handlers/user_handler.go:203.2,203.23 1 0
backend-grpc-server/internal/handlers/user_handler.go:203.23,205.3 1 0
backend-grpc-server/internal/handlers/user_handler.go:206.2,206.25 1 0
backend-grpc-server/internal/handlers/user_handler.go:206.25,208.3 1 0
backend-grpc-server/internal/handlers/user_handler.go:210.2,211.16 2 0
backend-grpc-server/internal/handlers/user_handler.go:211.16,213.3 1 0
backend-grpc-server/internal/handlers/user_handler.go:215.2,216.29 2 0
backend-grpc-server/internal/handlers/user_handler.go:216.29,218.3 1 0
backend-grpc-server/internal/handlers/user_handler.go:220.2,223.8 1 0
backend-grpc-server/internal/handlers/user_handler.go:227.70,237.2 1 3
backend-grpc-server/internal/handlers/websocket_handler.go:48.40,62.2 3 9
backend-grpc-server/internal/handlers/websocket_handler.go:65.77,70.16 2 0
backend-grpc-server/internal/handlers/websocket_handler.go:70.16,73.3 2 0
backend-grpc-server/internal/handlers/websocket_handler.go:75.2,85.23 4 0
backend-grpc-server/internal/handlers/websocket_handler.go:89.31,92.6 2 9
backend-grpc-server/internal/handlers/websocket_handler.go:92.6,93.10 1 16
backend-grpc-server/internal/handlers/websocket_handler.go:94.31,104.6 5 0
backend-grpc-server/internal/handlers/websocket_handler.go:106.33,108.41 2 0
backend-grpc-server/internal/handlers/websocket_handler.go:108.41,111.5 2 0
backend-grpc-server/internal/handlers/websocket_handler.go:112.4,113.94 2 0
backend-grpc-server/internal/handlers/websocket_handler.go:115.33,116.29 1 7
backend-grpc-server/internal/handlers/websocket_handler.go:122.56,123.15 1 0
backend-grpc-server/internal/handlers/websocket_handler.go:123.15,126.3 2 0
backend-grpc-server/internal/handlers/websocket_handler.go:128.2,129.6 2 0
backend-grpc-server/internal/handlers/websocket_handler.go:129.6,131.17 2 0
backend-grpc-server/internal/handlers/websocket_handler.go:131.17,132.67 1 0
backend-grpc-server/internal/handlers/websocket_handler.go:132.67,134.5 1 0
backend-grpc-server/internal/handlers/websocket_handler.go:135.4,136.10 2 0
backend-grpc-server/internal/handlers/websocket_handler.go:140.3,141.60 2 0
backend-grpc-server/internal/handlers/websocket_handler.go:141.60,143.12 2 0
backend-grpc-server/internal/handlers/websocket_handler.go:147.3,147.37 1 0
backend-grpc-server/internal/handlers/websocket_handler.go:152.57,154.15 2 0
backend-grpc-server/internal/handlers/websocket_handler.go:154.15,157.3 2 0
backend-grpc-server/internal/handlers/websocket_handler.go:159.2,160.6 2 0
backend-grpc-server/internal/handlers/websocket_handler.go:160.6,161.10 1 0
backend-grpc-server/internal/handlers/websocket_handler.go:162.37,163.11 1 0
backend-grpc-server/internal/handlers/websocket_handler.go:163.11,166.5 2 0
backend-grpc-server/internal/handlers/websocket_handler.go:168.4,169.18 2 0
backend-grpc-server/internal/handlers/websocket_handler.go:169.18,171.13 2 0
backend-grpc-server/internal/handlers/websocket_handler.go:174.4,174.86 1 0
backend-grpc-server/internal/handlers/websocket_handler.go:174.86,177.5 2 0
backend-grpc-server/internal/handlers/websocket_handler.go:179.19,181.48 1 0
backend-grpc-server/internal/handlers/websocket_handler.go:181.48,183.5 1 0
backend-grpc-server/internal/handlers/websocket_handler.go:189.86,193.19 2 0
backend-grpc-server/internal/handlers/websocket_handler.go:194.14,199.9 2 0
backend-grpc-server/internal/handlers/websocket_handler.go:201.24,203.43 1 0
backend-grpc-server/internal/handlers/websocket_handler.go:203.43,207.4 3 0
backend-grpc-server/internal/handlers/websocket_handler.go:208.3,208.9 1 0
backend-grpc-server/internal/handlers/websocket_handler.go:210.20,212.45 1 0
backend-grpc-server/internal/handlers/websocket_handler.go:212.45,215.4 2 0
backend-grpc-server/internal/handlers/websocket_handler.go:216.3,216.9 1 0
backend-grpc-server/internal/handlers/websocket_handler.go:218.21,220.45 1 0
backend-grpc-server/internal/handlers/websocket_handler.go:220.45,223.4 2 0
backend-grpc-server/internal/handlers/websocket_handler.go:224.3,224.9 1 0
backend-grpc-server/internal/handlers/websocket_handler.go:228.2,228.53 1 0
backend-grpc-server/internal/handlers/websocket_handler.go:234.101,238.35 3 18
backend-grpc-server/internal/handlers/websocket_handler.go:238.35,240.3 1 18
backend-grpc-server/internal/handlers/websocket_handler.go:241.2,242.55 2 18
backend-grpc-server/internal/handlers/websocket_handler.go:246.100,251.13 4 0
backend-grpc-server/internal/handlers/websocket_handler.go:251.13,254.3 2 0
backend-grpc-server/internal/handlers/websocket_handler.go:256.2,256.35 1 0
backend-grpc-server/internal/handlers/websocket_handler.go:256.35,257.47 1 0
backend-grpc-server/internal/handlers/websocket_handler.go:257.47,258.17 1 0
backend-grpc-server/internal/handlers/websocket_handler.go:258.17,259.33 1 0
backend-grpc-server/internal/handlers/websocket_handler.go:259.33,261.6 1 0
backend-grpc-server/internal/handlers/websocket_handler.go:263.4,263.19 1 0
backend-grpc-server/internal/handlers/websocket_handler.go:271.67,277.9 2 7
backend-grpc-server/internal/handlers/websocket_handler.go:278.30,278.30 0 7
backend-grpc-server/internal/handlers/websocket_handler.go:279.10,280.43 1 0
backend-grpc-server/internal/handlers/websocket_handler.go:285.82,294.35 4 1
backend-grpc-server/internal/handlers/websocket_handler.go:294.35,295.55 1 0
backend-grpc-server/internal/handlers/websocket_handler.go:295.55,297.4 1 0
backend-grpc-server/internal/handlers/websocket_handler.go:302.87,311.35 4 0
backend-grpc-server/internal/handlers/websocket_handler.go:311.35,312.43 1 0
backend-grpc-server/internal/handlers/websocket_handler.go:312.43,314.4 1 0
backend-grpc-server/internal/handlers/websocket_handler.go:319.87,329.12 5 0
backend-grpc-server/internal/handlers/websocket_handler.go:329.12,331.3 1 0
backend-grpc-server/internal/handlers/websocket_handler.go:336.83,337.9 1 0
backend-grpc-server/internal/handlers/websocket_handler.go:338.30,338.30 0 0
backend-grpc-server/internal/handlers/websocket_handler.go:339.10,342.40 2 0
backend-grpc-server/internal/handlers/websocket_handler.go:342.40,345.4 2 0
backend-grpc-server/internal/handlers/websocket_handler.go:346.3,346.24 1 0
backend-grpc-server/internal/handlers/websocket_handler.go:350.63,354.35 3 7
backend-grpc-server/internal/handlers/websocket_handler.go:354.35,356.3 1 0
backend-grpc-server/internal/handlers/websocket_handler.go:359.82,360.38 1 0
backend-grpc-server/internal/handlers/websocket_handler.go:360.38,361.25 1 0
backend-grpc-server/internal/handlers/websocket_handler.go:361.25,363.4 1 0
backend-grpc-server/internal/handlers/websocket_handler.go:365.2,365.50 1 0
backend-grpc-server/internal/handlers/websocket_handler.go:368.87,369.38 1 0
backend-grpc-server/internal/handlers/websocket_handler.go:369.38,370.25 1 0
backend-grpc-server/internal/handlers/websocket_handler.go:370.25,373.4 2 0
backend-grpc-server/internal/handlers/websocket_handler.go:377.86,378.38 1 0
backend-grpc-server/internal/handlers/websocket_handler.go:378.38,379.25 1 0
backend-grpc-server/internal/handlers/websocket_handler.go:379.25,381.4 1 0
backend-grpc-server/internal/handlers/websocket_handler.go:383.2,383.14 1 0
backend-grpc-server/internal/handlers/websocket_handler.go:387.70,392.36 4 0
backend-grpc-server/internal/handlers/websocket_handler.go:392.36,397.27 2 0
backend-grpc-server/internal/handlers/websocket_handler.go:397.27,399.4 1 0
backend-grpc-server/internal/handlers/websocket_handler.go:400.3,400.26 1 0
backend-grpc-server/internal/handlers/websocket_handler.go:402.2,402.15 1 0
backend-grpc-server/internal/handlers/websocket_handler.go:406.36,412.35 4 0
backend-grpc-server/internal/handlers/websocket_handler.go:412.35,415.3 2 0
backend-grpc-server/internal/models/norification.go:65.53,68.2 2 0
backend-grpc-server/internal/models/user.go:40.45,43.2 2 5
backend-grpc-server/internal/models/user.go:45.45,48.2 2 2
backend-grpc-server/internal/storage/notification_store.go:16.70,20.2 1 7
backend-grpc-server/internal/storage/notification_store.go:24.92,43.16 4 3
backend-grpc-server/internal/storage/notification_store.go:43.16,44.27 1 1
backend-grpc-server/internal/storage/notification_store.go:44.27,46.4 1 1
backend-grpc-server/internal/storage/notification_store.go:47.3,48.20 2 0
backend-grpc-server/internal/storage/notification_store.go:51.2,51.27 1 2
backend-grpc-server/internal/storage/notification_store.go:54.127,56.24 1 11
backend-grpc-server/internal/storage/notification_store.go:56.24,58.3 1 0
backend-grpc-server/internal/storage/notification_store.go:60.2,78.16 4 11
backend-grpc-server/internal/storage/notification_store.go:78.16,80.3 1 0
backend-grpc-server/internal/storage/notification_store.go:82.2,82.26 1 11
backend-grpc-server/internal/storage/notification_store.go:85.127,105.16 4 0
backend-grpc-server/internal/storage/notification_store.go:105.16,106.27 1 0
backend-grpc-server/internal/storage/notification_store.go:106.27,108.4 1 0
backend-grpc-server/internal/storage/notification_store.go:109.3,109.67 1 0
backend-grpc-server/internal/storage/notification_store.go:112.2,112.26 1 0
backend-grpc-server/internal/storage/notification_store.go:115.72,119.16 3 0
backend-grpc-server/internal/storage/notification_store.go:119.16,121.3 1 0
backend-grpc-server/internal/storage/notification_store.go:123.2,124.16 2 0
backend-grpc-server/internal/storage/notification_store.go:124.16,126.3 1 0
backend-grpc-server/internal/storage/notification_store.go:128.2,128.23 1 0
backend-grpc-server/internal/storage/notification_store.go:128.23,130.3 1 0
backend-grpc-server/internal/storage/notification_store.go:132.2,132.12 1 0
backend-grpc-server/internal/storage/notification_store.go:137.134,143.26 4 1
backend-grpc-server/internal/storage/notification_store.go:143.26,147.3 3 0
backend-grpc-server/internal/storage/notification_store.go:149.2,149.24 1 1
backend-grpc-server/internal/storage/notification_store.go:149.24,153.3 3 0
backend-grpc-server/internal/storage/notification_store.go:155.2,156.25 2 1
backend-grpc-server/internal/storage/notification_store.go:156.25,158.3 1 0
backend-grpc-server/internal/storage/notification_store.go:161.2,164.16 4 1
backend-grpc-server/internal/storage/notification_store.go:164.16,166.3 1 0
backend-grpc-server/internal/storage/notification_store.go:169.2,170.16 2 1
backend-grpc-server/internal/storage/notification_store.go:170.16,172.3 1 0
backend-grpc-server/internal/storage/notification_store.go:173.2,174.16 2 1
backend-grpc-server/internal/storage/notification_store.go:174.16,176.3 1 0
backend-grpc-server/internal/storage/notification_store.go:179.2,195.16 8 1
backend-grpc-server/internal/storage/notification_store.go:195.16,197.3 1 0
backend-grpc-server/internal/storage/notification_store.go:198.2,201.18 3 1
backend-grpc-server/internal/storage/notification_store.go:201.18,213.17 3 2
backend-grpc-server/internal/storage/notification_store.go:213.17,215.4 1 0
backend-grpc-server/internal/storage/notification_store.go:216.3,216.54 1 2
backend-grpc-server/internal/storage/notification_store.go:219.2,219.34 1 1
backend-grpc-server/internal/storage/notification_store.go:219.34,221.3 1 0
backend-grpc-server/internal/storage/notification_store.go:223.2,223.34 1 1
backend-grpc-server/internal/storage/notification_store.go:226.154,230.2 2 0
backend-grpc-server/internal/storage/notification_store.go:234.78,242.16 3 2
backend-grpc-server/internal/storage/notification_store.go:242.16,244.3 1 0
backend-grpc-server/internal/storage/notification_store.go:246.2,247.16 2 2
backend-grpc-server/internal/storage/notification_store.go:247.16,249.3 1 0
backend-grpc-server/internal/storage/notification_store.go:251.2,251.23 1 2
backend-grpc-server/internal/storage/notification_store.go:251.23,253.3 1 0
backend-grpc-server/internal/storage/notification_store.go:255.2,255.12 1 2
backend-grpc-server/internal/storage/notification_store.go:258.80,266.16 3 0
backend-grpc-server/internal/storage/notification_store.go:266.16,268.3 1 0
backend-grpc-server/internal/storage/notification_store.go:270.2,271.16 2 0
backend-grpc-server/internal/storage/notification_store.go:271.16,273.3 1 0
backend-grpc-server/internal/storage/notification_store.go:275.2,275.23 1 0
backend-grpc-server/internal/storage/notification_store.go:275.23,277.3 1 0
backend-grpc-server/internal/storage/notification_store.go:279.2,279.12 1 0
backend-grpc-server/internal/storage/notification_store.go:282.71,290.16 3 0
backend-grpc-server/internal/storage/notification_store.go:290.16,292.3 1 0
backend-grpc-server/internal/storage/notification_store.go:294.2,294.12 1 0
backend-grpc-server/internal/storage/notification_store.go:299.81,303.16 3 0
backend-grpc-server/internal/storage/notification_store.go:303.16,305.3 1 0
backend-grpc-server/internal/storage/notification_store.go:307.2,307.12 1 0
backend-grpc-server/internal/storage/notification_store.go:310.85,317.16 3 0
backend-grpc-server/internal/storage/notification_store.go:317.16,319.3 1 0
backend-grpc-server/internal/storage/notification_store.go:321.2,321.12 1 0
backend-grpc-server/internal/storage/notification_store.go:326.81,331.16 4 0
backend-grpc-server/internal/storage/notification_store.go:331.16,333.3 1 0
backend-grpc-server/internal/storage/notification_store.go:335.2,335.19 1 0
backend-grpc-server/internal/storage/notification_store.go:338.100,349.16 6 1
backend-grpc-server/internal/storage/notification_store.go:349.16,351.3 1 0
backend-grpc-server/internal/storage/notification_store.go:353.2,354.16 2 1
backend-grpc-server/internal/storage/notification_store.go:354.16,356.3 1 0
backend-grpc-server/internal/storage/notification_store.go:358.2,359.16 2 1
backend-grpc-server/internal/storage/notification_store.go:359.16,361.3 1 0
backend-grpc-server/internal/storage/notification_store.go:364.2,372.16 3 1
backend-grpc-server/internal/storage/notification_store.go:372.16,374.3 1 0
backend-grpc-server/internal/storage/notification_store.go:375.2,377.18 2 1
backend-grpc-server/internal/storage/notification_store.go:377.18,381.17 4 3
backend-grpc-server/internal/storage/notification_store.go:381.17,383.4 1 0
backend-grpc-server/internal/storage/notification_store.go:384.3,384.41 1 3
backend-grpc-server/internal/storage/notification_store.go:387.2,387.19 1 1
backend-grpc-server/internal/storage/user_store.go:15.54,19.2 1 9
backend-grpc-server/internal/storage/user_store.go:21.68,39.16 4 3
backend-grpc-server/internal/storage/user_store.go:39.16,40.27 1 2
backend-grpc-server/internal/storage/user_store.go:40.27,42.4 1 2
backend-grpc-server/internal/storage/user_store.go:43.3,44.20 2 0
backend-grpc-server/internal/storage/user_store.go:47.2,47.19 1 1
backend-grpc-server/internal/storage/user_store.go:50.95,68.16 4 10
backend-grpc-server/internal/storage/user_store.go:68.16,70.3 1 0
backend-grpc-server/internal/storage/user_store.go:72.2,72.18 1 10
backend-grpc-server/internal/storage/user_store.go:75.95,94.16 4 1
backend-grpc-server/internal/storage/user_store.go:94.16,95.27 1 0
backend-grpc-server/internal/storage/user_store.go:95.27,97.4 1 0
backend-grpc-server/internal/storage/user_store.go:98.3,98.59 1 0
backend-grpc-server/internal/storage/user_store.go:101.2,101.18 1 1
backend-grpc-server/internal/storage/user_store.go:104.56,108.16 3 1
backend-grpc-server/internal/storage/user_store.go:108.16,110.3 1 0
backend-grpc-server/internal/storage/user_store.go:112.2,113.16 2 1
backend-grpc-server/internal/storage/user_store.go:113.16,115.3 1 0
backend-grpc-server/internal/storage/user_store.go:117.2,117.23 1 1
backend-grpc-server/internal/storage/user_store.go:117.23,119.3 1 0
backend-grpc-server/internal/storage/user_store.go:121.2,121.12 1 1
backend-grpc-server/internal/storage/user_store.go:124.102,127.16 2 1
backend-grpc-server/internal/storage/user_store.go:127.16,129.3 1 0
backend-grpc-server/internal/storage/user_store.go:130.2,131.16 2 1
backend-grpc-server/internal/storage/user_store.go:131.16,133.3 1 0
backend-grpc-server/internal/storage/user_store.go:136.2,139.16 4 1
backend-grpc-server/internal/storage/user_store.go:139.16,141.3 1 0
backend-grpc-server/internal/storage/user_store.go:144.2,152.16 3 1
backend-grpc-server/internal/storage/user_store.go:152.16,154.3 1 0
backend-grpc-server/internal/storage/user_store.go:155.2,158.18 3 1
backend-grpc-server/internal/storage/user_store.go:158.18,169.17 3 2
backend-grpc-server/internal/storage/user_store.go:169.17,171.4 1 0
backend-grpc-server/internal/storage/user_store.go:172.3,172.30 1 2
backend-grpc-server/internal/storage/user_store.go:175.2,175.34 1 1
backend-grpc-server/internal/storage/user_store.go:175.34,177.3 1 0
backend-grpc-server/internal/storage/user_store.go:179.2,179.26 1 1
backend-grpc-server/internal/validation/validator.go:11.13,16.2 2 1
backend-grpc-server/internal/validation/validator.go:19.42,21.16 2 7
backend-grpc-server/internal/validation/validator.go:21.16,23.3 1 6
backend-grpc-server/internal/validation/validator.go:24.2,24.12 1 1
backend-grpc-server/internal/validation/validator.go:28.53,31.45 2 9
backend-grpc-server/internal/validation/validator.go:31.45,33.3 1 3
backend-grpc-server/internal/validation/validator.go:34.2,34.32 1 6
backend-grpc-server/internal/validation/validator.go:34.32,36.49 1 58
backend-grpc-server/internal/validation/validator.go:36.49,38.4 1 3
backend-grpc-server/internal/validation/validator.go:40.2,40.13 1 3
backend-grpc-server/internal/validation/validator.go:44.45,47.55 2 6
backend-grpc-server/internal/validation/validator.go:47.55,48.20 1 6
backend-grpc-server/internal/validation/validator.go:49.19,50.71 1 2
backend-grpc-server/internal/validation/validator.go:51.16,52.81 1 1
backend-grpc-server/internal/validation/validator.go:53.14,54.103 1 1
backend-grpc-server/internal/validation/validator.go:55.14,56.102 1 1
backend-grpc-server/internal/validation/validator.go:57.16,58.91 1 1
backend-grpc-server/internal/validation/validator.go:59.11,60.70 1 0
backend-grpc-server/internal/validation/validator.go:64.2,64.72 1 6
